#
# A fatal error has been detected by the Java Runtime Environment:
#
#  Internal Error (generateOopMap.cpp:2164), pid=9919, tid=19715
#  fatal error: Illegal class file encountered. Try running with -Xverify:all in method filter
#
# JRE version: OpenJDK Runtime Environment (11.0.2+9) (build 11.0.2+9)
# Java VM: OpenJDK 64-Bit Server VM (11.0.2+9, mixed mode, tiered, compressed oops, g1 gc, bsd-amd64)
# No core dump will be written. Core dumps have been disabled. To enable core dumping, try "ulimit -c unlimited" before starting Java again
#
# If you would like to submit a bug report, please visit:
#   http://bugreport.java.com/bugreport/crash.jsp
#

---------------  S U M M A R Y ------------

Command Line: -agentlib:jdwp=transport=dt_socket,address=127.0.0.1:54794,suspend=y,server=n -ea -Didea.test.cyclic.buffer.size=1048576 -javaagent:/Users/bagjonghun/Library/Caches/IntelliJIdea2018.2/captureAgent/debugger-agent.jar=file:/private/var/folders/vn/l3wm3w7j4bg66vq9w9jrp63h0000gn/T/capture.props -Dfile.encoding=UTF-8 com.intellij.rt.execution.junit.JUnitStarter -ideVersion5 -junit4 me.hoonick.QueryBuilderTest,queryTest

Host: MacBookPro14,1 x86_64 2300 MHz, 4 cores, 8G, Darwin 18.7.0
Time: Thu Jan  9 16:16:37 2020 KST elapsed time: 156 seconds (0d 0h 2m 36s)

---------------  T H R E A D  ---------------

Current thread (0x00007fc783801800):  VMThread "VM Thread" [stack: 0x000070000b092000,0x000070000b192000] [id=19715]

Stack: [0x000070000b092000,0x000070000b192000],  sp=0x000070000b190b00,  free space=1018k
Native frames: (J=compiled Java code, A=aot compiled Java code, j=interpreted, Vv=VM code, C=native code)
V  [libjvm.dylib+0x73e658]  _ZN7VMError14report_and_dieEiPKcS1_P13__va_list_tagP6ThreadPhPvS7_S1_im+0x5d4
V  [libjvm.dylib+0x73ece5]  _ZN7VMError14report_and_dieEP6ThreadPvPKciS4_S4_P13__va_list_tag+0x47
V  [libjvm.dylib+0x2653fd]  _Z12report_fatalPKciS0_z+0xb5
V  [libjvm.dylib+0x3500e4]  _ZN14GenerateOopMap10error_workEPKcP13__va_list_tag+0xe8
V  [libjvm.dylib+0x34d100]  _ZN14GenerateOopMap12report_errorEPKcz+0x7c
V  [libjvm.dylib+0x34f76b]  _ZN14GenerateOopMap9do_methodEiiii+0x11f
V  [libjvm.dylib+0x34dd90]  _ZN14GenerateOopMap9interp_bbEP10BasicBlock+0xe4
V  [libjvm.dylib+0x34daa8]  _ZN14GenerateOopMap10interp_allEv+0x3c
V  [libjvm.dylib+0x34d759]  _ZN14GenerateOopMap17do_interpretationEv+0x4b
V  [libjvm.dylib+0x34ff13]  _ZN14GenerateOopMap11compute_mapEP6Thread+0x165
V  [libjvm.dylib+0x5e6b2a]  _ZN19OopMapForCacheEntry11compute_mapEP6Thread+0x54
V  [libjvm.dylib+0x5e7300]  _ZN16OopMapCacheEntry4fillERK12methodHandlei+0xac
V  [libjvm.dylib+0x5e7c29]  _ZN11OopMapCache19compute_one_oop_mapERK12methodHandleiP17InterpreterOopMap+0x5d
V  [libjvm.dylib+0x5ac676]  _ZN6Method8mask_forEiP17InterpreterOopMap+0x7e
V  [libjvm.dylib+0x4c3e58]  _ZN16VM_GetOrSetLocal4doitEv+0x48
V  [libjvm.dylib+0x747b99]  _ZN12VM_Operation8evaluateEv+0xd5
V  [libjvm.dylib+0x7471b0]  _ZN8VMThread18evaluate_operationEP12VM_Operation+0x13a
V  [libjvm.dylib+0x746bfd]  _ZN8VMThread4loopEv+0xed
V  [libjvm.dylib+0x746a22]  _ZN8VMThread3runEv+0x76
V  [libjvm.dylib+0x5f00f3]  _ZL19thread_native_entryP6Thread+0x135
C  [libsystem_pthread.dylib+0x32eb]  _pthread_body+0x7e
C  [libsystem_pthread.dylib+0x6249]  _pthread_start+0x42
C  [libsystem_pthread.dylib+0x240d]  thread_start+0xd

VM_Operation (0x000070000b9a99c0): GetOrSetLocal, mode: safepoint, requested by thread 0x00007fc784846000


---------------  P R O C E S S  ---------------

Threads class SMR info:
_java_thread_list=0x00007fc782c60130, length=12, elements={
0x00007fc783002800, 0x00007fc784050800, 0x00007fc783005800, 0x00007fc784051800,
0x00007fc783015000, 0x00007fc78405a800, 0x00007fc783886000, 0x00007fc784804800,
0x00007fc784846000, 0x00007fc7840d4000, 0x00007fc7840d3000, 0x00007fc784880000
}

Java Threads: ( => current thread )
  0x00007fc783002800 JavaThread "main" [_thread_blocked, id=8707, stack(0x000070000aa80000,0x000070000ab80000)]
  0x00007fc784050800 JavaThread "Reference Handler" daemon [_thread_blocked, id=14339, stack(0x000070000b195000,0x000070000b295000)]
  0x00007fc783005800 JavaThread "Finalizer" daemon [_thread_blocked, id=14595, stack(0x000070000b298000,0x000070000b398000)]
  0x00007fc784051800 JavaThread "Signal Dispatcher" daemon [_thread_blocked, id=16387, stack(0x000070000b39b000,0x000070000b49b000)]
  0x00007fc783015000 JavaThread "C2 CompilerThread0" daemon [_thread_blocked, id=16899, stack(0x000070000b49e000,0x000070000b59e000)]
  0x00007fc78405a800 JavaThread "C1 CompilerThread0" daemon [_thread_blocked, id=17411, stack(0x000070000b5a1000,0x000070000b6a1000)]
  0x00007fc783886000 JavaThread "Sweeper thread" daemon [_thread_blocked, id=43267, stack(0x000070000b6a4000,0x000070000b7a4000)]
  0x00007fc784804800 JavaThread "Common-Cleaner" daemon [_thread_blocked, id=43011, stack(0x000070000b7a7000,0x000070000b8a7000)]
  0x00007fc784846000 JavaThread "JDWP Transport Listener: dt_socket" daemon [_thread_blocked, id=42499, stack(0x000070000b8aa000,0x000070000b9aa000)] _threads_hazard_ptr=0x00007fc782c60130
  0x00007fc7840d4000 JavaThread "JDWP Event Helper Thread" daemon [_thread_blocked, id=41987, stack(0x000070000b9ad000,0x000070000baad000)]
  0x00007fc7840d3000 JavaThread "JDWP Command Reader" daemon [_thread_in_native, id=41475, stack(0x000070000bab0000,0x000070000bbb0000)]
  0x00007fc784880000 JavaThread "Service Thread" daemon [_thread_blocked, id=40707, stack(0x000070000bbb3000,0x000070000bcb3000)]

Other Threads:
=>0x00007fc783801800 VMThread "VM Thread" [stack: 0x000070000b092000,0x000070000b192000] [id=19715]
  0x00007fc784159000 WatcherThread [stack: 0x000070000bcb6000,0x000070000bdb6000] [id=40451]
  0x00007fc783807800 GCTaskThread "GC Thread#0" [stack: 0x000070000ab83000,0x000070000ac83000] [id=20995]
  0x00007fc783a69800 GCTaskThread "GC Thread#1" [stack: 0x000070000bdb9000,0x000070000beb9000] [id=23811]
  0x00007fc7838c2000 GCTaskThread "GC Thread#2" [stack: 0x000070000bebc000,0x000070000bfbc000] [id=24067]
  0x00007fc783828000 ConcurrentGCThread "G1 Main Marker" [stack: 0x000070000ac86000,0x000070000ad86000] [id=20739]
  0x00007fc784807800 ConcurrentGCThread "G1 Conc#0" [stack: 0x000070000ad89000,0x000070000ae89000] [id=19971]
  0x00007fc783878800 ConcurrentGCThread "G1 Refine#0" [stack: 0x000070000ae8c000,0x000070000af8c000] [id=12803]
  0x00007fc784808000 ConcurrentGCThread "G1 Young RemSet Sampling" [stack: 0x000070000af8f000,0x000070000b08f000] [id=13315]

Threads with active compile tasks:

VM state:at safepoint (normal execution)

VM Mutex/Monitor currently owned by a thread:  ([mutex/lock_event])
[0x00007fc782e04a10] Threads_lock - owner thread: 0x00007fc783801800

Heap address: 0x0000000780000000, size: 2048 MB, Compressed Oops mode: Zero based, Oop shift amount: 3
Narrow klass base: 0x0000000800000000, Narrow klass shift: 0
Compressed class space size: 1073741824 Address: 0x0000000800000000

Heap:
 garbage-first heap   total 131072K, used 11334K [0x0000000780000000, 0x0000000800000000)
  region size 1024K, 12 young (12288K), 2 survivors (2048K)
 Metaspace       used 12585K, capacity 12740K, committed 13056K, reserved 1060864K
  class space    used 1166K, capacity 1220K, committed 1280K, reserved 1048576K
Heap Regions: E=young(eden), S=young(survivor), O=old, HS=humongous(starts), HC=humongous(continues), CS=collection set, F=free, A=archive, TAMS=top-at-mark-start (previous, next)
|   0|0x0000000780000000, 0x0000000780011800, 0x0000000780100000|  6%| O|  |TAMS 0x0000000780000000, 0x0000000780000000| Untracked 
|   1|0x0000000780100000, 0x0000000780100000, 0x0000000780200000|  0%| F|  |TAMS 0x0000000780100000, 0x0000000780100000| Untracked 
|   2|0x0000000780200000, 0x0000000780200000, 0x0000000780300000|  0%| F|  |TAMS 0x0000000780200000, 0x0000000780200000| Untracked 
|   3|0x0000000780300000, 0x0000000780300000, 0x0000000780400000|  0%| F|  |TAMS 0x0000000780300000, 0x0000000780300000| Untracked 
|   4|0x0000000780400000, 0x0000000780400000, 0x0000000780500000|  0%| F|  |TAMS 0x0000000780400000, 0x0000000780400000| Untracked 
|   5|0x0000000780500000, 0x0000000780500000, 0x0000000780600000|  0%| F|  |TAMS 0x0000000780500000, 0x0000000780500000| Untracked 
|   6|0x0000000780600000, 0x0000000780600000, 0x0000000780700000|  0%| F|  |TAMS 0x0000000780600000, 0x0000000780600000| Untracked 
|   7|0x0000000780700000, 0x0000000780700000, 0x0000000780800000|  0%| F|  |TAMS 0x0000000780700000, 0x0000000780700000| Untracked 
|   8|0x0000000780800000, 0x0000000780800000, 0x0000000780900000|  0%| F|  |TAMS 0x0000000780800000, 0x0000000780800000| Untracked 
|   9|0x0000000780900000, 0x0000000780900000, 0x0000000780a00000|  0%| F|  |TAMS 0x0000000780900000, 0x0000000780900000| Untracked 
|  10|0x0000000780a00000, 0x0000000780a00000, 0x0000000780b00000|  0%| F|  |TAMS 0x0000000780a00000, 0x0000000780a00000| Untracked 
|  11|0x0000000780b00000, 0x0000000780b00000, 0x0000000780c00000|  0%| F|  |TAMS 0x0000000780b00000, 0x0000000780b00000| Untracked 
|  12|0x0000000780c00000, 0x0000000780c00000, 0x0000000780d00000|  0%| F|  |TAMS 0x0000000780c00000, 0x0000000780c00000| Untracked 
|  13|0x0000000780d00000, 0x0000000780d00000, 0x0000000780e00000|  0%| F|  |TAMS 0x0000000780d00000, 0x0000000780d00000| Untracked 
|  14|0x0000000780e00000, 0x0000000780e00000, 0x0000000780f00000|  0%| F|  |TAMS 0x0000000780e00000, 0x0000000780e00000| Untracked 
|  15|0x0000000780f00000, 0x0000000780f00000, 0x0000000781000000|  0%| F|  |TAMS 0x0000000780f00000, 0x0000000780f00000| Untracked 
|  16|0x0000000781000000, 0x0000000781000000, 0x0000000781100000|  0%| F|  |TAMS 0x0000000781000000, 0x0000000781000000| Untracked 
|  17|0x0000000781100000, 0x0000000781100000, 0x0000000781200000|  0%| F|  |TAMS 0x0000000781100000, 0x0000000781100000| Untracked 
|  18|0x0000000781200000, 0x0000000781200000, 0x0000000781300000|  0%| F|  |TAMS 0x0000000781200000, 0x0000000781200000| Untracked 
|  19|0x0000000781300000, 0x0000000781300000, 0x0000000781400000|  0%| F|  |TAMS 0x0000000781300000, 0x0000000781300000| Untracked 
|  20|0x0000000781400000, 0x0000000781400000, 0x0000000781500000|  0%| F|  |TAMS 0x0000000781400000, 0x0000000781400000| Untracked 
|  21|0x0000000781500000, 0x0000000781500000, 0x0000000781600000|  0%| F|  |TAMS 0x0000000781500000, 0x0000000781500000| Untracked 
|  22|0x0000000781600000, 0x0000000781600000, 0x0000000781700000|  0%| F|  |TAMS 0x0000000781600000, 0x0000000781600000| Untracked 
|  23|0x0000000781700000, 0x0000000781700000, 0x0000000781800000|  0%| F|  |TAMS 0x0000000781700000, 0x0000000781700000| Untracked 
|  24|0x0000000781800000, 0x0000000781800000, 0x0000000781900000|  0%| F|  |TAMS 0x0000000781800000, 0x0000000781800000| Untracked 
|  25|0x0000000781900000, 0x0000000781900000, 0x0000000781a00000|  0%| F|  |TAMS 0x0000000781900000, 0x0000000781900000| Untracked 
|  26|0x0000000781a00000, 0x0000000781a00000, 0x0000000781b00000|  0%| F|  |TAMS 0x0000000781a00000, 0x0000000781a00000| Untracked 
|  27|0x0000000781b00000, 0x0000000781b00000, 0x0000000781c00000|  0%| F|  |TAMS 0x0000000781b00000, 0x0000000781b00000| Untracked 
|  28|0x0000000781c00000, 0x0000000781c00000, 0x0000000781d00000|  0%| F|  |TAMS 0x0000000781c00000, 0x0000000781c00000| Untracked 
|  29|0x0000000781d00000, 0x0000000781d00000, 0x0000000781e00000|  0%| F|  |TAMS 0x0000000781d00000, 0x0000000781d00000| Untracked 
|  30|0x0000000781e00000, 0x0000000781e00000, 0x0000000781f00000|  0%| F|  |TAMS 0x0000000781e00000, 0x0000000781e00000| Untracked 
|  31|0x0000000781f00000, 0x0000000781f00000, 0x0000000782000000|  0%| F|  |TAMS 0x0000000781f00000, 0x0000000781f00000| Untracked 
|  32|0x0000000782000000, 0x0000000782000000, 0x0000000782100000|  0%| F|  |TAMS 0x0000000782000000, 0x0000000782000000| Untracked 
|  33|0x0000000782100000, 0x0000000782100000, 0x0000000782200000|  0%| F|  |TAMS 0x0000000782100000, 0x0000000782100000| Untracked 
|  34|0x0000000782200000, 0x0000000782200000, 0x0000000782300000|  0%| F|  |TAMS 0x0000000782200000, 0x0000000782200000| Untracked 
|  35|0x0000000782300000, 0x0000000782300000, 0x0000000782400000|  0%| F|  |TAMS 0x0000000782300000, 0x0000000782300000| Untracked 
|  36|0x0000000782400000, 0x0000000782400000, 0x0000000782500000|  0%| F|  |TAMS 0x0000000782400000, 0x0000000782400000| Untracked 
|  37|0x0000000782500000, 0x0000000782500000, 0x0000000782600000|  0%| F|  |TAMS 0x0000000782500000, 0x0000000782500000| Untracked 
|  38|0x0000000782600000, 0x0000000782600000, 0x0000000782700000|  0%| F|  |TAMS 0x0000000782600000, 0x0000000782600000| Untracked 
|  39|0x0000000782700000, 0x0000000782700000, 0x0000000782800000|  0%| F|  |TAMS 0x0000000782700000, 0x0000000782700000| Untracked 
|  40|0x0000000782800000, 0x0000000782800000, 0x0000000782900000|  0%| F|  |TAMS 0x0000000782800000, 0x0000000782800000| Untracked 
|  41|0x0000000782900000, 0x0000000782900000, 0x0000000782a00000|  0%| F|  |TAMS 0x0000000782900000, 0x0000000782900000| Untracked 
|  42|0x0000000782a00000, 0x0000000782a00000, 0x0000000782b00000|  0%| F|  |TAMS 0x0000000782a00000, 0x0000000782a00000| Untracked 
|  43|0x0000000782b00000, 0x0000000782b00000, 0x0000000782c00000|  0%| F|  |TAMS 0x0000000782b00000, 0x0000000782b00000| Untracked 
|  44|0x0000000782c00000, 0x0000000782c00000, 0x0000000782d00000|  0%| F|  |TAMS 0x0000000782c00000, 0x0000000782c00000| Untracked 
|  45|0x0000000782d00000, 0x0000000782d00000, 0x0000000782e00000|  0%| F|  |TAMS 0x0000000782d00000, 0x0000000782d00000| Untracked 
|  46|0x0000000782e00000, 0x0000000782e00000, 0x0000000782f00000|  0%| F|  |TAMS 0x0000000782e00000, 0x0000000782e00000| Untracked 
|  47|0x0000000782f00000, 0x0000000782f00000, 0x0000000783000000|  0%| F|  |TAMS 0x0000000782f00000, 0x0000000782f00000| Untracked 
|  48|0x0000000783000000, 0x0000000783000000, 0x0000000783100000|  0%| F|  |TAMS 0x0000000783000000, 0x0000000783000000| Untracked 
|  49|0x0000000783100000, 0x0000000783100000, 0x0000000783200000|  0%| F|  |TAMS 0x0000000783100000, 0x0000000783100000| Untracked 
|  50|0x0000000783200000, 0x0000000783200000, 0x0000000783300000|  0%| F|  |TAMS 0x0000000783200000, 0x0000000783200000| Untracked 
|  51|0x0000000783300000, 0x0000000783300000, 0x0000000783400000|  0%| F|  |TAMS 0x0000000783300000, 0x0000000783300000| Untracked 
|  52|0x0000000783400000, 0x0000000783400000, 0x0000000783500000|  0%| F|  |TAMS 0x0000000783400000, 0x0000000783400000| Untracked 
|  53|0x0000000783500000, 0x0000000783500000, 0x0000000783600000|  0%| F|  |TAMS 0x0000000783500000, 0x0000000783500000| Untracked 
|  54|0x0000000783600000, 0x0000000783600000, 0x0000000783700000|  0%| F|  |TAMS 0x0000000783600000, 0x0000000783600000| Untracked 
|  55|0x0000000783700000, 0x0000000783700000, 0x0000000783800000|  0%| F|  |TAMS 0x0000000783700000, 0x0000000783700000| Untracked 
|  56|0x0000000783800000, 0x0000000783800000, 0x0000000783900000|  0%| F|  |TAMS 0x0000000783800000, 0x0000000783800000| Untracked 
|  57|0x0000000783900000, 0x0000000783900000, 0x0000000783a00000|  0%| F|  |TAMS 0x0000000783900000, 0x0000000783900000| Untracked 
|  58|0x0000000783a00000, 0x0000000783a00000, 0x0000000783b00000|  0%| F|  |TAMS 0x0000000783a00000, 0x0000000783a00000| Untracked 
|  59|0x0000000783b00000, 0x0000000783b00000, 0x0000000783c00000|  0%| F|  |TAMS 0x0000000783b00000, 0x0000000783b00000| Untracked 
|  60|0x0000000783c00000, 0x0000000783c00000, 0x0000000783d00000|  0%| F|  |TAMS 0x0000000783c00000, 0x0000000783c00000| Untracked 
|  61|0x0000000783d00000, 0x0000000783d00000, 0x0000000783e00000|  0%| F|  |TAMS 0x0000000783d00000, 0x0000000783d00000| Untracked 
|  62|0x0000000783e00000, 0x0000000783e00000, 0x0000000783f00000|  0%| F|  |TAMS 0x0000000783e00000, 0x0000000783e00000| Untracked 
|  63|0x0000000783f00000, 0x0000000783f00000, 0x0000000784000000|  0%| F|  |TAMS 0x0000000783f00000, 0x0000000783f00000| Untracked 
|  64|0x0000000784000000, 0x0000000784000000, 0x0000000784100000|  0%| F|  |TAMS 0x0000000784000000, 0x0000000784000000| Untracked 
|  65|0x0000000784100000, 0x0000000784100000, 0x0000000784200000|  0%| F|  |TAMS 0x0000000784100000, 0x0000000784100000| Untracked 
|  66|0x0000000784200000, 0x0000000784200000, 0x0000000784300000|  0%| F|  |TAMS 0x0000000784200000, 0x0000000784200000| Untracked 
|  67|0x0000000784300000, 0x0000000784300000, 0x0000000784400000|  0%| F|  |TAMS 0x0000000784300000, 0x0000000784300000| Untracked 
|  68|0x0000000784400000, 0x0000000784400000, 0x0000000784500000|  0%| F|  |TAMS 0x0000000784400000, 0x0000000784400000| Untracked 
|  69|0x0000000784500000, 0x0000000784500000, 0x0000000784600000|  0%| F|  |TAMS 0x0000000784500000, 0x0000000784500000| Untracked 
|  70|0x0000000784600000, 0x0000000784600000, 0x0000000784700000|  0%| F|  |TAMS 0x0000000784600000, 0x0000000784600000| Untracked 
|  71|0x0000000784700000, 0x0000000784700000, 0x0000000784800000|  0%| F|  |TAMS 0x0000000784700000, 0x0000000784700000| Untracked 
|  72|0x0000000784800000, 0x0000000784800000, 0x0000000784900000|  0%| F|  |TAMS 0x0000000784800000, 0x0000000784800000| Untracked 
|  73|0x0000000784900000, 0x0000000784900000, 0x0000000784a00000|  0%| F|  |TAMS 0x0000000784900000, 0x0000000784900000| Untracked 
|  74|0x0000000784a00000, 0x0000000784a00000, 0x0000000784b00000|  0%| F|  |TAMS 0x0000000784a00000, 0x0000000784a00000| Untracked 
|  75|0x0000000784b00000, 0x0000000784b00000, 0x0000000784c00000|  0%| F|  |TAMS 0x0000000784b00000, 0x0000000784b00000| Untracked 
|  76|0x0000000784c00000, 0x0000000784c00000, 0x0000000784d00000|  0%| F|  |TAMS 0x0000000784c00000, 0x0000000784c00000| Untracked 
|  77|0x0000000784d00000, 0x0000000784d00000, 0x0000000784e00000|  0%| F|  |TAMS 0x0000000784d00000, 0x0000000784d00000| Untracked 
|  78|0x0000000784e00000, 0x0000000784e00000, 0x0000000784f00000|  0%| F|  |TAMS 0x0000000784e00000, 0x0000000784e00000| Untracked 
|  79|0x0000000784f00000, 0x0000000784f00000, 0x0000000785000000|  0%| F|  |TAMS 0x0000000784f00000, 0x0000000784f00000| Untracked 
|  80|0x0000000785000000, 0x0000000785000000, 0x0000000785100000|  0%| F|  |TAMS 0x0000000785000000, 0x0000000785000000| Untracked 
|  81|0x0000000785100000, 0x0000000785100000, 0x0000000785200000|  0%| F|  |TAMS 0x0000000785100000, 0x0000000785100000| Untracked 
|  82|0x0000000785200000, 0x0000000785200000, 0x0000000785300000|  0%| F|  |TAMS 0x0000000785200000, 0x0000000785200000| Untracked 
|  83|0x0000000785300000, 0x0000000785300000, 0x0000000785400000|  0%| F|  |TAMS 0x0000000785300000, 0x0000000785300000| Untracked 
|  84|0x0000000785400000, 0x0000000785400000, 0x0000000785500000|  0%| F|  |TAMS 0x0000000785400000, 0x0000000785400000| Untracked 
|  85|0x0000000785500000, 0x0000000785500000, 0x0000000785600000|  0%| F|  |TAMS 0x0000000785500000, 0x0000000785500000| Untracked 
|  86|0x0000000785600000, 0x0000000785600000, 0x0000000785700000|  0%| F|  |TAMS 0x0000000785600000, 0x0000000785600000| Untracked 
|  87|0x0000000785700000, 0x0000000785700000, 0x0000000785800000|  0%| F|  |TAMS 0x0000000785700000, 0x0000000785700000| Untracked 
|  88|0x0000000785800000, 0x0000000785800000, 0x0000000785900000|  0%| F|  |TAMS 0x0000000785800000, 0x0000000785800000| Untracked 
|  89|0x0000000785900000, 0x0000000785900000, 0x0000000785a00000|  0%| F|  |TAMS 0x0000000785900000, 0x0000000785900000| Untracked 
|  90|0x0000000785a00000, 0x0000000785a00000, 0x0000000785b00000|  0%| F|  |TAMS 0x0000000785a00000, 0x0000000785a00000| Untracked 
|  91|0x0000000785b00000, 0x0000000785b00000, 0x0000000785c00000|  0%| F|  |TAMS 0x0000000785b00000, 0x0000000785b00000| Untracked 
|  92|0x0000000785c00000, 0x0000000785c00000, 0x0000000785d00000|  0%| F|  |TAMS 0x0000000785c00000, 0x0000000785c00000| Untracked 
|  93|0x0000000785d00000, 0x0000000785d00000, 0x0000000785e00000|  0%| F|  |TAMS 0x0000000785d00000, 0x0000000785d00000| Untracked 
|  94|0x0000000785e00000, 0x0000000785e00000, 0x0000000785f00000|  0%| F|  |TAMS 0x0000000785e00000, 0x0000000785e00000| Untracked 
|  95|0x0000000785f00000, 0x0000000785f00000, 0x0000000786000000|  0%| F|  |TAMS 0x0000000785f00000, 0x0000000785f00000| Untracked 
|  96|0x0000000786000000, 0x0000000786000000, 0x0000000786100000|  0%| F|  |TAMS 0x0000000786000000, 0x0000000786000000| Untracked 
|  97|0x0000000786100000, 0x0000000786100000, 0x0000000786200000|  0%| F|  |TAMS 0x0000000786100000, 0x0000000786100000| Untracked 
|  98|0x0000000786200000, 0x0000000786200000, 0x0000000786300000|  0%| F|  |TAMS 0x0000000786200000, 0x0000000786200000| Untracked 
|  99|0x0000000786300000, 0x0000000786300000, 0x0000000786400000|  0%| F|  |TAMS 0x0000000786300000, 0x0000000786300000| Untracked 
| 100|0x0000000786400000, 0x0000000786400000, 0x0000000786500000|  0%| F|  |TAMS 0x0000000786400000, 0x0000000786400000| Untracked 
| 101|0x0000000786500000, 0x0000000786500000, 0x0000000786600000|  0%| F|  |TAMS 0x0000000786500000, 0x0000000786500000| Untracked 
| 102|0x0000000786600000, 0x0000000786600000, 0x0000000786700000|  0%| F|  |TAMS 0x0000000786600000, 0x0000000786600000| Untracked 
| 103|0x0000000786700000, 0x0000000786700000, 0x0000000786800000|  0%| F|  |TAMS 0x0000000786700000, 0x0000000786700000| Untracked 
| 104|0x0000000786800000, 0x0000000786800000, 0x0000000786900000|  0%| F|  |TAMS 0x0000000786800000, 0x0000000786800000| Untracked 
| 105|0x0000000786900000, 0x0000000786900000, 0x0000000786a00000|  0%| F|  |TAMS 0x0000000786900000, 0x0000000786900000| Untracked 
| 106|0x0000000786a00000, 0x0000000786a00000, 0x0000000786b00000|  0%| F|  |TAMS 0x0000000786a00000, 0x0000000786a00000| Untracked 
| 107|0x0000000786b00000, 0x0000000786b00000, 0x0000000786c00000|  0%| F|  |TAMS 0x0000000786b00000, 0x0000000786b00000| Untracked 
| 108|0x0000000786c00000, 0x0000000786c00000, 0x0000000786d00000|  0%| F|  |TAMS 0x0000000786c00000, 0x0000000786c00000| Untracked 
| 109|0x0000000786d00000, 0x0000000786d00000, 0x0000000786e00000|  0%| F|  |TAMS 0x0000000786d00000, 0x0000000786d00000| Untracked 
| 110|0x0000000786e00000, 0x0000000786e00000, 0x0000000786f00000|  0%| F|  |TAMS 0x0000000786e00000, 0x0000000786e00000| Untracked 
| 111|0x0000000786f00000, 0x0000000786f00000, 0x0000000787000000|  0%| F|  |TAMS 0x0000000786f00000, 0x0000000786f00000| Untracked 
| 112|0x0000000787000000, 0x0000000787100000, 0x0000000787100000|100%| S|CS|TAMS 0x0000000787000000, 0x0000000787000000| Complete 
| 113|0x0000000787100000, 0x0000000787200000, 0x0000000787200000|100%| S|CS|TAMS 0x0000000787100000, 0x0000000787100000| Complete 
| 114|0x0000000787200000, 0x0000000787200000, 0x0000000787300000|  0%| F|  |TAMS 0x0000000787200000, 0x0000000787200000| Untracked 
| 115|0x0000000787300000, 0x0000000787300000, 0x0000000787400000|  0%| F|  |TAMS 0x0000000787300000, 0x0000000787300000| Untracked 
| 116|0x0000000787400000, 0x0000000787400000, 0x0000000787500000|  0%| F|  |TAMS 0x0000000787400000, 0x0000000787400000| Untracked 
| 117|0x0000000787500000, 0x0000000787500000, 0x0000000787600000|  0%| F|  |TAMS 0x0000000787500000, 0x0000000787500000| Untracked 
| 118|0x0000000787600000, 0x0000000787680800, 0x0000000787700000| 50%| E|  |TAMS 0x0000000787600000, 0x0000000787600000| Complete 
| 119|0x0000000787700000, 0x0000000787800000, 0x0000000787800000|100%| E|CS|TAMS 0x0000000787700000, 0x0000000787700000| Complete 
| 120|0x0000000787800000, 0x0000000787900000, 0x0000000787900000|100%| E|CS|TAMS 0x0000000787800000, 0x0000000787800000| Complete 
| 121|0x0000000787900000, 0x0000000787a00000, 0x0000000787a00000|100%| E|CS|TAMS 0x0000000787900000, 0x0000000787900000| Complete 
| 122|0x0000000787a00000, 0x0000000787b00000, 0x0000000787b00000|100%| E|CS|TAMS 0x0000000787a00000, 0x0000000787a00000| Complete 
| 123|0x0000000787b00000, 0x0000000787c00000, 0x0000000787c00000|100%| E|CS|TAMS 0x0000000787b00000, 0x0000000787b00000| Complete 
| 124|0x0000000787c00000, 0x0000000787d00000, 0x0000000787d00000|100%| E|CS|TAMS 0x0000000787c00000, 0x0000000787c00000| Complete 
| 125|0x0000000787d00000, 0x0000000787e00000, 0x0000000787e00000|100%| E|CS|TAMS 0x0000000787d00000, 0x0000000787d00000| Complete 
| 126|0x0000000787e00000, 0x0000000787f00000, 0x0000000787f00000|100%| E|CS|TAMS 0x0000000787e00000, 0x0000000787e00000| Complete 
| 127|0x0000000787f00000, 0x0000000788000000, 0x0000000788000000|100%| E|CS|TAMS 0x0000000787f00000, 0x0000000787f00000| Complete 

Card table byte_map: [0x0000000111022000,0x0000000111422000] _byte_map_base: 0x000000010d422000

Marking Bits (Prev, Next): (CMBitMap*) 0x00007fc78381fa18, (CMBitMap*) 0x00007fc78381fa50
 Prev Bits: [0x0000000111822000, 0x0000000113822000)
 Next Bits: [0x0000000113822000, 0x0000000115822000)

Polling page: 0x0000000106cd3000

Metaspace:

Usage:
  Non-class:     11.25 MB capacity,    11.15 MB (>99%) used,    87.48 KB ( <1%) free+waste,    13.31 KB ( <1%) overhead. 
      Class:      1.19 MB capacity,     1.14 MB ( 96%) used,    48.55 KB (  4%) free+waste,     5.12 KB ( <1%) overhead. 
       Both:     12.44 MB capacity,    12.29 MB ( 99%) used,   136.02 KB (  1%) free+waste,    18.44 KB ( <1%) overhead. 

Virtual space:
  Non-class space:       12.00 MB reserved,      11.50 MB ( 96%) committed 
      Class space:        1.00 GB reserved,       1.25 MB ( <1%) committed 
             Both:        1.01 GB reserved,      12.75 MB (  1%) committed 

Chunk freelists:
   Non-Class:  18.50 KB
       Class:  0 bytes
        Both:  18.50 KB

CodeHeap 'non-profiled nmethods': size=120032Kb used=215Kb max_used=215Kb free=119816Kb
 bounds [0x000000011dbe3000, 0x000000011de53000, 0x000000012511b000]
CodeHeap 'profiled nmethods': size=120032Kb used=1413Kb max_used=1413Kb free=118618Kb
 bounds [0x00000001166ab000, 0x000000011691b000, 0x000000011dbe3000]
CodeHeap 'non-nmethods': size=5696Kb used=1128Kb max_used=1140Kb free=4568Kb
 bounds [0x000000011611b000, 0x000000011638b000, 0x00000001166ab000]
 total_blobs=1230 nmethods=718 adapters=278
 compilation: enabled
              stopped_count=0, restarted_count=0
 full_count=0

Compilation events (10 events):
Event: 0.900 Thread 0x00007fc78405a800  714       3       java.nio.MappedByteBuffer::position (6 bytes)
Event: 0.900 Thread 0x00007fc78405a800 nmethod 714 0x000000011680b190 code [0x000000011680b360, 0x000000011680b5c8]
Event: 0.900 Thread 0x00007fc78405a800  715   !   3       jdk.internal.jimage.BasicImageReader::slice (32 bytes)
Event: 0.900 Thread 0x00007fc78405a800 nmethod 715 0x000000011680b710 code [0x000000011680b900, 0x000000011680be68]
Event: 0.900 Thread 0x00007fc78405a800  716       3       com.intellij.rt.execution.junit.MapSerializerUtil$1::escape (124 bytes)
Event: 0.901 Thread 0x00007fc78405a800 nmethod 716 0x000000011680c010 code [0x000000011680c1e0, 0x000000011680c570]
Event: 0.901 Thread 0x00007fc783015000  717       4       java.util.concurrent.ConcurrentHashMap::get (162 bytes)
Event: 0.902 Thread 0x00007fc78405a800  718       1       java.io.File::getPath (5 bytes)
Event: 0.902 Thread 0x00007fc78405a800 nmethod 718 0x000000011dc18410 code [0x000000011dc185c0, 0x000000011dc186d0]
Event: 0.910 Thread 0x00007fc783015000 nmethod 717 0x000000011dc18790 code [0x000000011dc18940, 0x000000011dc18cf8]

GC Heap History (2 events):
Event: 0.749 GC heap before
{Heap before GC invocations=0 (full 0):
 garbage-first heap   total 131072K, used 13312K [0x0000000780000000, 0x0000000800000000)
  region size 1024K, 14 young (14336K), 0 survivors (0K)
 Metaspace       used 10358K, capacity 10525K, committed 10752K, reserved 1058816K
  class space    used 947K, capacity 991K, committed 1024K, reserved 1048576K
}
Event: 0.753 GC heap after
{Heap after GC invocations=1 (full 0):
 garbage-first heap   total 131072K, used 2118K [0x0000000780000000, 0x0000000800000000)
  region size 1024K, 2 young (2048K), 2 survivors (2048K)
 Metaspace       used 10358K, capacity 10525K, committed 10752K, reserved 1058816K
  class space    used 947K, capacity 991K, committed 1024K, reserved 1048576K
}

Deoptimization events (2 events):
Event: 0.422 Thread 0x00007fc783002800 Uncommon trap: reason=unstable_if action=reinterpret pc=0x000000011dbe8af4 method=java.lang.String.isLatin1()Z @ 10 c2
Event: 0.436 Thread 0x00007fc783002800 Uncommon trap: reason=unstable_if action=reinterpret pc=0x000000011dbf1b48 method=java.util.HashMap.putVal(ILjava/lang/Object;Ljava/lang/Object;ZZ)Ljava/lang/Object; @ 181 c2

Classes redefined (4 events):
Event: 45.578 Thread 0x00007fc783801800 redefined class name=me.hoonick.QueryBuilder, count=1
Event: 60.899 Thread 0x00007fc783801800 redefined class name=me.hoonick.QueryBuilder, count=2
Event: 144.593 Thread 0x00007fc783801800 redefined class name=me.hoonick.QueryBuilder, count=3
Event: 156.879 Thread 0x00007fc783801800 redefined class name=me.hoonick.QueryBuilder, count=4

Internal exceptions (2 events):
Event: 0.336 Thread 0x00007fc783002800 Exception <a 'java/io/FileNotFoundException'{0x0000000787c15cf8}> (0x0000000787c15cf8) thrown at [/scratch/mesos/slaves/07fc96ef-bf4d-487f-b22f-a84e49f5f44a-S15534/frameworks/1735e8a2-a1db-478c-8104-60c8b0af87dd-0196/executors/2de9a231-452d-4727-8e0d-602c
Event: 0.391 Thread 0x00007fc783002800 Exception <a 'java/lang/NoSuchMethodError'{0x0000000787ce3490}: java.lang.invoke.DirectMethodHandle$Holder.invokeSpecialIFC(Ljava/lang/Object;Ljava/lang/Object;I)I> (0x0000000787ce3490) thrown at [/scratch/mesos/slaves/07fc96ef-bf4d-487f-b22f-a84e49f5f44a

Events (10 events):
Event: 156.882 Executing VM operation: RedefineClasses done
Event: 156.890 Executing VM operation: GetFrameCount
Event: 156.893 Executing VM operation: GetFrameCount done
Event: 156.893 Executing VM operation: GetFrameCount
Event: 156.895 Executing VM operation: GetFrameCount done
Event: 156.897 Executing VM operation: GetStackTrace
Event: 156.897 Executing VM operation: GetStackTrace done
Event: 156.899 Executing VM operation: GetFrameLocation
Event: 156.899 Executing VM operation: GetFrameLocation done
Event: 156.899 Executing VM operation: GetOrSetLocal


Dynamic libraries:
0x00007fff2c6c2000 	/System/Library/Frameworks/Cocoa.framework/Versions/A/Cocoa
0x00007fff38470000 	/System/Library/Frameworks/Security.framework/Versions/A/Security
0x00007fff2b354000 	/System/Library/Frameworks/ApplicationServices.framework/Versions/A/ApplicationServices
0x00007fff58561000 	/usr/lib/libz.1.dylib
0x00007fff55eb8000 	/usr/lib/libSystem.B.dylib
0x00007fff2cf37000 	/System/Library/Frameworks/CoreFoundation.framework/Versions/A/CoreFoundation
0x00007fff2f1bb000 	/System/Library/Frameworks/Foundation.framework/Versions/C/Foundation
0x00007fff576f1000 	/usr/lib/libobjc.A.dylib
0x00007fff2a54d000 	/System/Library/Frameworks/AppKit.framework/Versions/C/AppKit
0x00007fff2cac0000 	/System/Library/Frameworks/CoreData.framework/Versions/A/CoreData
0x00007fff4f97d000 	/System/Library/PrivateFrameworks/RemoteViewServices.framework/Versions/A/RemoteViewServices
0x00007fff53bf4000 	/System/Library/PrivateFrameworks/UIFoundation.framework/Versions/A/UIFoundation
0x00007fff552d9000 	/System/Library/PrivateFrameworks/XCTTargetBootstrap.framework/Versions/A/XCTTargetBootstrap
0x00007fff2ce46000 	/System/Library/Frameworks/CoreDisplay.framework/Versions/A/CoreDisplay
0x00007fff4a6b7000 	/System/Library/PrivateFrameworks/IconServices.framework/Versions/A/IconServices
0x00007fff31add000 	/System/Library/Frameworks/Metal.framework/Versions/A/Metal
0x00007fff41bfb000 	/System/Library/PrivateFrameworks/DesktopServicesPriv.framework/Versions/A/DesktopServicesPriv
0x00007fff56a54000 	/usr/lib/libenergytrace.dylib
0x00007fff520db000 	/System/Library/PrivateFrameworks/SkyLight.framework/Versions/A/SkyLight
0x00007fff2d37e000 	/System/Library/Frameworks/CoreGraphics.framework/Versions/A/CoreGraphics
0x00007fff29319000 	/System/Library/Frameworks/Accelerate.framework/Versions/A/Accelerate
0x00007fff2f904000 	/System/Library/Frameworks/IOSurface.framework/Versions/A/IOSurface
0x00007fff41a67000 	/System/Library/PrivateFrameworks/DFRFoundation.framework/Versions/A/DFRFoundation
0x00007fff2b837000 	/System/Library/Frameworks/AudioToolbox.framework/Versions/A/AudioToolbox
0x00007fff2bab0000 	/System/Library/Frameworks/AudioUnit.framework/Versions/A/AudioUnit
0x00007fff41afc000 	/System/Library/PrivateFrameworks/DataDetectorsCore.framework/Versions/A/DataDetectorsCore
0x00007fff2c1c5000 	/System/Library/Frameworks/Carbon.framework/Versions/A/Frameworks/HIToolbox.framework/Versions/A/HIToolbox
0x00007fff56bad000 	/usr/lib/libicucore.A.dylib
0x00007fff379e3000 	/System/Library/Frameworks/QuartzCore.framework/Versions/A/QuartzCore
0x00007fff2c59a000 	/System/Library/Frameworks/Carbon.framework/Versions/A/Frameworks/SpeechRecognition.framework/Versions/A/SpeechRecognition
0x00007fff5600c000 	/usr/lib/libauto.dylib
0x00007fff58454000 	/usr/lib/libxml2.2.dylib
0x00007fff41642000 	/System/Library/PrivateFrameworks/CoreUI.framework/Versions/A/CoreUI
0x00007fff2c9ab000 	/System/Library/Frameworks/CoreAudio.framework/Versions/A/CoreAudio
0x00007fff2eff0000 	/System/Library/Frameworks/DiskArbitration.framework/Versions/A/DiskArbitration
0x00007fff56e5b000 	/usr/lib/liblangid.dylib
0x00007fff4bac2000 	/System/Library/PrivateFrameworks/MultitouchSupport.framework/Versions/A/MultitouchSupport
0x00007fff2f873000 	/System/Library/Frameworks/IOKit.framework/Versions/A/IOKit
0x00007fff55a78000 	/usr/lib/libDiagnosticMessagesClient.dylib
0x00007fff2e18e000 	/System/Library/Frameworks/CoreServices.framework/Versions/A/CoreServices
0x00007fff4d77c000 	/System/Library/PrivateFrameworks/PerformanceAnalysis.framework/Versions/A/PerformanceAnalysis
0x00007fff36bca000 	/System/Library/Frameworks/OpenGL.framework/Versions/A/OpenGL
0x00007fff2c6d0000 	/System/Library/Frameworks/ColorSync.framework/Versions/A/ColorSync
0x00007fff2da10000 	/System/Library/Frameworks/CoreImage.framework/Versions/A/CoreImage
0x00007fff2eb66000 	/System/Library/Frameworks/CoreText.framework/Versions/A/CoreText
0x00007fff2f967000 	/System/Library/Frameworks/ImageIO.framework/Versions/A/ImageIO
0x00007fff3dc94000 	/System/Library/PrivateFrameworks/Backup.framework/Versions/A/Backup
0x00007fff55f5f000 	/usr/lib/libarchive.2.dylib
0x00007fff2be09000 	/System/Library/Frameworks/CFNetwork.framework/Versions/A/CFNetwork
0x00007fff38bcc000 	/System/Library/Frameworks/SystemConfiguration.framework/Versions/A/SystemConfiguration
0x00007fff559a9000 	/usr/lib/libCRFSuite.dylib
0x00007fff560fd000 	/usr/lib/libc++.1.dylib
0x00007fff56151000 	/usr/lib/libc++abi.dylib
0x00007fff58d57000 	/usr/lib/system/libcache.dylib
0x00007fff58d5c000 	/usr/lib/system/libcommonCrypto.dylib
0x00007fff58d67000 	/usr/lib/system/libcompiler_rt.dylib
0x00007fff58d6f000 	/usr/lib/system/libcopyfile.dylib
0x00007fff58d79000 	/usr/lib/system/libcorecrypto.dylib
0x00007fff58e84000 	/usr/lib/system/libdispatch.dylib
0x00007fff58ebe000 	/usr/lib/system/libdyld.dylib
0x00007fff58eeb000 	/usr/lib/system/libkeymgr.dylib
0x00007fff58ef9000 	/usr/lib/system/liblaunch.dylib
0x00007fff58efa000 	/usr/lib/system/libmacho.dylib
0x00007fff58f00000 	/usr/lib/system/libquarantine.dylib
0x00007fff58f03000 	/usr/lib/system/libremovefile.dylib
0x00007fff58f05000 	/usr/lib/system/libsystem_asl.dylib
0x00007fff58f1d000 	/usr/lib/system/libsystem_blocks.dylib
0x00007fff58f1e000 	/usr/lib/system/libsystem_c.dylib
0x00007fff58fa6000 	/usr/lib/system/libsystem_configuration.dylib
0x00007fff58faa000 	/usr/lib/system/libsystem_coreservices.dylib
0x00007fff58fae000 	/usr/lib/system/libsystem_darwin.dylib
0x00007fff58fb5000 	/usr/lib/system/libsystem_dnssd.dylib
0x00007fff58fbc000 	/usr/lib/system/libsystem_info.dylib
0x00007fff59031000 	/usr/lib/system/libsystem_m.dylib
0x00007fff5907d000 	/usr/lib/system/libsystem_malloc.dylib
0x00007fff590a8000 	/usr/lib/system/libsystem_networkextension.dylib
0x00007fff590b3000 	/usr/lib/system/libsystem_notify.dylib
0x00007fff590d0000 	/usr/lib/system/libsystem_sandbox.dylib
0x00007fff590d4000 	/usr/lib/system/libsystem_secinit.dylib
0x00007fff59008000 	/usr/lib/system/libsystem_kernel.dylib
0x00007fff590bb000 	/usr/lib/system/libsystem_platform.dylib
0x00007fff590c5000 	/usr/lib/system/libsystem_pthread.dylib
0x00007fff590d7000 	/usr/lib/system/libsystem_symptoms.dylib
0x00007fff590df000 	/usr/lib/system/libsystem_trace.dylib
0x00007fff590f6000 	/usr/lib/system/libunwind.dylib
0x00007fff590fc000 	/usr/lib/system/libxpc.dylib
0x00007fff560de000 	/usr/lib/libbsm.0.dylib
0x00007fff58eec000 	/usr/lib/system/libkxld.dylib
0x00007fff3d085000 	/System/Library/PrivateFrameworks/AppleFSCompression.framework/Versions/A/AppleFSCompression
0x00007fff55d78000 	/usr/lib/libOpenScriptingUtil.dylib
0x00007fff56406000 	/usr/lib/libcoretls.dylib
0x00007fff5641d000 	/usr/lib/libcoretls_cfhelpers.dylib
0x00007fff57e88000 	/usr/lib/libpam.2.dylib
0x00007fff58048000 	/usr/lib/libsqlite3.dylib
0x00007fff58442000 	/usr/lib/libxar.1.dylib
0x00007fff560ef000 	/usr/lib/libbz2.1.0.dylib
0x00007fff56e5d000 	/usr/lib/liblzma.5.dylib
0x00007fff5730e000 	/usr/lib/libnetwork.dylib
0x00007fff55f48000 	/usr/lib/libapple_nghttp2.dylib
0x00007fff57e8f000 	/usr/lib/libpcap.A.dylib
0x00007fff2e52d000 	/System/Library/Frameworks/CoreServices.framework/Versions/A/Frameworks/FSEvents.framework/Versions/A/FSEvents
0x00007fff2e20c000 	/System/Library/Frameworks/CoreServices.framework/Versions/A/Frameworks/CarbonCore.framework/Versions/A/CarbonCore
0x00007fff2e6e8000 	/System/Library/Frameworks/CoreServices.framework/Versions/A/Frameworks/Metadata.framework/Versions/A/Metadata
0x00007fff2e787000 	/System/Library/Frameworks/CoreServices.framework/Versions/A/Frameworks/OSServices.framework/Versions/A/OSServices
0x00007fff2e7d2000 	/System/Library/Frameworks/CoreServices.framework/Versions/A/Frameworks/SearchKit.framework/Versions/A/SearchKit
0x00007fff2e18f000 	/System/Library/Frameworks/CoreServices.framework/Versions/A/Frameworks/AE.framework/Versions/A/AE
0x00007fff2e536000 	/System/Library/Frameworks/CoreServices.framework/Versions/A/Frameworks/LaunchServices.framework/Versions/A/LaunchServices
0x00007fff2e4e4000 	/System/Library/Frameworks/CoreServices.framework/Versions/A/Frameworks/DictionaryServices.framework/Versions/A/DictionaryServices
0x00007fff2e83a000 	/System/Library/Frameworks/CoreServices.framework/Versions/A/Frameworks/SharedFileList.framework/Versions/A/SharedFileList
0x00007fff32ba5000 	/System/Library/Frameworks/NetFS.framework/Versions/A/NetFS
0x00007fff4bd28000 	/System/Library/PrivateFrameworks/NetAuth.framework/Versions/A/NetAuth
0x00007fff556dd000 	/System/Library/PrivateFrameworks/login.framework/Versions/A/Frameworks/loginsupport.framework/Versions/A/loginsupport
0x00007fff537fd000 	/System/Library/PrivateFrameworks/TCC.framework/Versions/A/TCC
0x00007fff40c9f000 	/System/Library/PrivateFrameworks/CoreNLP.framework/Versions/A/CoreNLP
0x00007fff4b7bd000 	/System/Library/PrivateFrameworks/MetadataUtilities.framework/Versions/A/MetadataUtilities
0x00007fff56f32000 	/usr/lib/libmecabra.dylib
0x00007fff2b355000 	/System/Library/Frameworks/ApplicationServices.framework/Versions/A/Frameworks/ATS.framework/Versions/A/ATS
0x00007fff2b6a4000 	/System/Library/Frameworks/ApplicationServices.framework/Versions/A/Frameworks/ColorSyncLegacy.framework/Versions/A/ColorSyncLegacy
0x00007fff2b743000 	/System/Library/Frameworks/ApplicationServices.framework/Versions/A/Frameworks/HIServices.framework/Versions/A/HIServices
0x00007fff2b796000 	/System/Library/Frameworks/ApplicationServices.framework/Versions/A/Frameworks/LangAnalysis.framework/Versions/A/LangAnalysis
0x00007fff2b7a6000 	/System/Library/Frameworks/ApplicationServices.framework/Versions/A/Frameworks/PrintCore.framework/Versions/A/PrintCore
0x00007fff2b7f0000 	/System/Library/Frameworks/ApplicationServices.framework/Versions/A/Frameworks/QD.framework/Versions/A/QD
0x00007fff2b82a000 	/System/Library/Frameworks/ApplicationServices.framework/Versions/A/Frameworks/SpeechSynthesis.framework/Versions/A/SpeechSynthesis
0x00007fff56179000 	/usr/lib/libcompression.dylib
0x00007fff31dad000 	/System/Library/Frameworks/MetalPerformanceShaders.framework/Versions/A/MetalPerformanceShaders
0x00007fff29331000 	/System/Library/Frameworks/Accelerate.framework/Versions/A/Frameworks/vImage.framework/Versions/A/vImage
0x00007fff2a3ab000 	/System/Library/Frameworks/Accelerate.framework/Versions/A/Frameworks/vecLib.framework/Versions/A/vecLib
0x00007fff2a2f7000 	/System/Library/Frameworks/Accelerate.framework/Versions/A/Frameworks/vecLib.framework/Versions/A/libvMisc.dylib
0x00007fff2a10f000 	/System/Library/Frameworks/Accelerate.framework/Versions/A/Frameworks/vecLib.framework/Versions/A/libvDSP.dylib
0x00007fff299cb000 	/System/Library/Frameworks/Accelerate.framework/Versions/A/Frameworks/vecLib.framework/Versions/A/libBLAS.dylib
0x00007fff29cb8000 	/System/Library/Frameworks/Accelerate.framework/Versions/A/Frameworks/vecLib.framework/Versions/A/libLAPACK.dylib
0x00007fff2a062000 	/System/Library/Frameworks/Accelerate.framework/Versions/A/Frameworks/vecLib.framework/Versions/A/libLinearAlgebra.dylib
0x00007fff2a0fb000 	/System/Library/Frameworks/Accelerate.framework/Versions/A/Frameworks/vecLib.framework/Versions/A/libSparseBLAS.dylib
0x00007fff2a078000 	/System/Library/Frameworks/Accelerate.framework/Versions/A/Frameworks/vecLib.framework/Versions/A/libQuadrature.dylib
0x00007fff29c45000 	/System/Library/Frameworks/Accelerate.framework/Versions/A/Frameworks/vecLib.framework/Versions/A/libBNNS.dylib
0x00007fff2a07e000 	/System/Library/Frameworks/Accelerate.framework/Versions/A/Frameworks/vecLib.framework/Versions/A/libSparse.dylib
0x00007fff47fed000 	/System/Library/PrivateFrameworks/GPUWrangler.framework/Versions/A/GPUWrangler
0x00007fff4a2ec000 	/System/Library/PrivateFrameworks/IOAccelerator.framework/Versions/A/IOAccelerator
0x00007fff4a2f7000 	/System/Library/PrivateFrameworks/IOPresentment.framework/Versions/A/IOPresentment
0x00007fff41a77000 	/System/Library/PrivateFrameworks/DSExternalDisplay.framework/Versions/A/DSExternalDisplay
0x00007fff36021000 	/System/Library/Frameworks/OpenGL.framework/Versions/A/Libraries/libCoreFSCache.dylib
0x00007fff31ba1000 	/System/Library/Frameworks/MetalPerformanceShaders.framework/Frameworks/MPSCore.framework/Versions/A/MPSCore
0x00007fff31bc1000 	/System/Library/Frameworks/MetalPerformanceShaders.framework/Frameworks/MPSImage.framework/Versions/A/MPSImage
0x00007fff31c66000 	/System/Library/Frameworks/MetalPerformanceShaders.framework/Frameworks/MPSNeuralNetwork.framework/Versions/A/MPSNeuralNetwork
0x00007fff31c3e000 	/System/Library/Frameworks/MetalPerformanceShaders.framework/Frameworks/MPSMatrix.framework/Versions/A/MPSMatrix
0x00007fff31d92000 	/System/Library/Frameworks/MetalPerformanceShaders.framework/Frameworks/MPSRayIntersector.framework/Versions/A/MPSRayIntersector
0x00007fff4b7e6000 	/System/Library/PrivateFrameworks/MetalTools.framework/Versions/A/MetalTools
0x00007fff3c92f000 	/System/Library/PrivateFrameworks/AggregateDictionary.framework/Versions/A/AggregateDictionary
0x00007fff55d58000 	/usr/lib/libMobileGestalt.dylib
0x00007fff2ecc9000 	/System/Library/Frameworks/CoreVideo.framework/Versions/A/CoreVideo
0x00007fff48dfe000 	/System/Library/PrivateFrameworks/GraphVisualizer.framework/Versions/A/GraphVisualizer
0x00007fff42c7d000 	/System/Library/PrivateFrameworks/FaceCore.framework/Versions/A/FaceCore
0x00007fff3564f000 	/System/Library/Frameworks/OpenCL.framework/Versions/A/OpenCL
0x00007fff55ab0000 	/usr/lib/libFosl_dynamic.dylib
0x00007fff4c593000 	/System/Library/PrivateFrameworks/OTSVG.framework/Versions/A/OTSVG
0x00007fff2b459000 	/System/Library/Frameworks/ApplicationServices.framework/Versions/A/Frameworks/ATS.framework/Versions/A/Resources/libFontParser.dylib
0x00007fff2b571000 	/System/Library/Frameworks/ApplicationServices.framework/Versions/A/Frameworks/ATS.framework/Versions/A/Resources/libFontRegistry.dylib
0x00007fff2fbd6000 	/System/Library/Frameworks/ImageIO.framework/Versions/A/Resources/libJPEG.dylib
0x00007fff2fee8000 	/System/Library/Frameworks/ImageIO.framework/Versions/A/Resources/libTIFF.dylib
0x00007fff2febe000 	/System/Library/Frameworks/ImageIO.framework/Versions/A/Resources/libPng.dylib
0x00007fff2faf4000 	/System/Library/Frameworks/ImageIO.framework/Versions/A/Resources/libGIF.dylib
0x00007fff2faf9000 	/System/Library/Frameworks/ImageIO.framework/Versions/A/Resources/libJP2.dylib
0x00007fff2fee5000 	/System/Library/Frameworks/ImageIO.framework/Versions/A/Resources/libRadiance.dylib
0x00007fff3d1dc000 	/System/Library/PrivateFrameworks/AppleJPEG.framework/Versions/A/AppleJPEG
0x00007fff3602c000 	/System/Library/Frameworks/OpenGL.framework/Versions/A/Libraries/libGFXShared.dylib
0x00007fff361ef000 	/System/Library/Frameworks/OpenGL.framework/Versions/A/Libraries/libGLU.dylib
0x00007fff36035000 	/System/Library/Frameworks/OpenGL.framework/Versions/A/Libraries/libGL.dylib
0x00007fff36041000 	/System/Library/Frameworks/OpenGL.framework/Versions/A/Libraries/libGLImage.dylib
0x00007fff3601e000 	/System/Library/Frameworks/OpenGL.framework/Versions/A/Libraries/libCVMSPluginSupport.dylib
0x00007fff36027000 	/System/Library/Frameworks/OpenGL.framework/Versions/A/Libraries/libCoreVMClient.dylib
0x00007fff568ca000 	/usr/lib/libcups.2.dylib
0x00007fff310a8000 	/System/Library/Frameworks/Kerberos.framework/Versions/A/Kerberos
0x00007fff2f5d7000 	/System/Library/Frameworks/GSS.framework/Versions/A/GSS
0x00007fff57fdd000 	/usr/lib/libresolv.9.dylib
0x00007fff56abc000 	/usr/lib/libiconv.2.dylib
0x00007fff48f73000 	/System/Library/PrivateFrameworks/Heimdal.framework/Versions/A/Heimdal
0x00007fff56a8c000 	/usr/lib/libheimdal-asn1.dylib
0x00007fff356c3000 	/System/Library/Frameworks/OpenDirectory.framework/Versions/A/OpenDirectory
0x00007fff3fa02000 	/System/Library/PrivateFrameworks/CommonAuth.framework/Versions/A/CommonAuth
0x00007fff356a7000 	/System/Library/Frameworks/OpenDirectory.framework/Versions/A/Frameworks/CFOpenDirectory.framework/Versions/A/CFOpenDirectory
0x00007fff38771000 	/System/Library/Frameworks/SecurityFoundation.framework/Versions/A/SecurityFoundation
0x00007fff3be75000 	/System/Library/PrivateFrameworks/APFS.framework/Versions/A/APFS
0x00007fff5843e000 	/usr/lib/libutil.dylib
0x00007fff56167000 	/usr/lib/libcharset.1.dylib
0x00007fff3d479000 	/System/Library/PrivateFrameworks/AppleSauce.framework/Versions/A/AppleSauce
0x00007fff3d5fa000 	/System/Library/PrivateFrameworks/AssertionServices.framework/Versions/A/AssertionServices
0x00007fff3dd2a000 	/System/Library/PrivateFrameworks/BaseBoard.framework/Versions/A/BaseBoard
0x00007fff56e8d000 	/usr/lib/libmecab.1.0.0.dylib
0x00007fff56a86000 	/usr/lib/libgermantok.dylib
0x00007fff55f35000 	/usr/lib/libThaiTokenizer.dylib
0x00007fff559e0000 	/usr/lib/libChineseTokenizer.dylib
0x00007fff4a9a4000 	/System/Library/PrivateFrameworks/LanguageModeling.framework/Versions/A/LanguageModeling
0x00007fff406e4000 	/System/Library/PrivateFrameworks/CoreEmoji.framework/Versions/A/CoreEmoji
0x00007fff4aa80000 	/System/Library/PrivateFrameworks/Lexicon.framework/Versions/A/Lexicon
0x00007fff4aac3000 	/System/Library/PrivateFrameworks/LinguisticData.framework/Versions/A/LinguisticData
0x00007fff56168000 	/usr/lib/libcmph.dylib
0x00007fff3882f000 	/System/Library/Frameworks/ServiceManagement.framework/Versions/A/ServiceManagement
0x00007fff3dc8b000 	/System/Library/PrivateFrameworks/BackgroundTaskManagement.framework/Versions/A/BackgroundTaskManagement
0x00007fff58538000 	/usr/lib/libxslt.1.dylib
0x00007fff2c4c7000 	/System/Library/Frameworks/Carbon.framework/Versions/A/Frameworks/Ink.framework/Versions/A/Ink
0x00007fff53a6f000 	/System/Library/PrivateFrameworks/TextureIO.framework/Versions/A/TextureIO
0x00007fff55f89000 	/usr/lib/libate.dylib
0x00007fff419c6000 	/System/Library/PrivateFrameworks/CrashReporterSupport.framework/Versions/A/CrashReporterSupport
0x00007fff511a9000 	/System/Library/PrivateFrameworks/Sharing.framework/Versions/A/Sharing
0x00007fff3d9dd000 	/System/Library/PrivateFrameworks/AuthKit.framework/Versions/A/AuthKit
0x00007fff3cf31000 	/System/Library/PrivateFrameworks/Apple80211.framework/Versions/A/Apple80211
0x00007fff4176e000 	/System/Library/PrivateFrameworks/CoreUtils.framework/Versions/A/CoreUtils
0x00007fff2ed0a000 	/System/Library/Frameworks/CoreWLAN.framework/Versions/A/CoreWLAN
0x00007fff2f706000 	/System/Library/Frameworks/IOBluetooth.framework/Versions/A/IOBluetooth
0x00007fff4f61d000 	/System/Library/PrivateFrameworks/ProtocolBuffer.framework/Versions/A/ProtocolBuffer
0x00007fff4ba1e000 	/System/Library/PrivateFrameworks/MobileKeyBag.framework/Versions/A/MobileKeyBag
0x00007fff40fb2000 	/System/Library/PrivateFrameworks/CorePhoneNumbers.framework/Versions/A/CorePhoneNumbers
0x00007fff3d190000 	/System/Library/PrivateFrameworks/AppleIDAuthSupport.framework/Versions/A/AppleIDAuthSupport
0x00007fff4a977000 	/System/Library/PrivateFrameworks/KeychainCircle.framework/Versions/A/KeychainCircle
0x00007fff4f7d3000 	/System/Library/PrivateFrameworks/ROCKit.framework/Versions/A/ROCKit
0x00007fff41962000 	/System/Library/PrivateFrameworks/CoreWiFi.framework/Versions/A/CoreWiFi
0x00007fff2ca95000 	/System/Library/Frameworks/CoreBluetooth.framework/Versions/A/CoreBluetooth
0x00007fff41bbd000 	/System/Library/PrivateFrameworks/DebugSymbols.framework/Versions/A/DebugSymbols
0x00007fff4152e000 	/System/Library/PrivateFrameworks/CoreSymbolication.framework/Versions/A/CoreSymbolication
0x00007fff5328a000 	/System/Library/PrivateFrameworks/Symbolication.framework/Versions/A/Symbolication
0x00007fff52b2d000 	/System/Library/PrivateFrameworks/SpeechRecognitionCore.framework/Versions/A/SpeechRecognitionCore
0x00007fff21635000 	/System/Library/CoreServices/Encodings/libKoreanConverter.dylib
0x0000000107600000 	/Users/bagjonghun/Downloads/jdk-11.0.2.jdk/Contents/Home/lib/server/libjvm.dylib
0x0000000106c83000 	/Users/bagjonghun/Downloads/jdk-11.0.2.jdk/Contents/Home/lib/libverify.dylib
0x0000000106c8f000 	/Users/bagjonghun/Downloads/jdk-11.0.2.jdk/Contents/Home/lib/libjava.dylib
0x0000000106cd5000 	/Users/bagjonghun/Downloads/jdk-11.0.2.jdk/Contents/Home/lib/libjdwp.dylib
0x0000000106d0d000 	/Users/bagjonghun/Downloads/jdk-11.0.2.jdk/Contents/Home/lib/libinstrument.dylib
0x0000000106da5000 	/Users/bagjonghun/Downloads/jdk-11.0.2.jdk/Contents/Home/lib/libzip.dylib
0x0000000106dad000 	/Users/bagjonghun/Downloads/jdk-11.0.2.jdk/Contents/Home/lib/libjimage.dylib
0x0000000115f80000 	/Users/bagjonghun/Downloads/jdk-11.0.2.jdk/Contents/Home/lib/libdt_socket.dylib
0x0000000115d99000 	/Users/bagjonghun/Downloads/jdk-11.0.2.jdk/Contents/Home/lib/libnio.dylib
0x0000000115dd1000 	/Users/bagjonghun/Downloads/jdk-11.0.2.jdk/Contents/Home/lib/./libnet.dylib


VM Arguments:
jvm_args: -agentlib:jdwp=transport=dt_socket,address=127.0.0.1:54794,suspend=y,server=n -ea -Didea.test.cyclic.buffer.size=1048576 -javaagent:/Users/bagjonghun/Library/Caches/IntelliJIdea2018.2/captureAgent/debugger-agent.jar=file:/private/var/folders/vn/l3wm3w7j4bg66vq9w9jrp63h0000gn/T/capture.props -Dfile.encoding=UTF-8 
java_command: com.intellij.rt.execution.junit.JUnitStarter -ideVersion5 -junit4 me.hoonick.QueryBuilderTest,queryTest
java_class_path (initial): /Applications/IntelliJ IDEA.app/Contents/lib/idea_rt.jar:/Applications/IntelliJ IDEA.app/Contents/plugins/junit/lib/junit-rt.jar:/Applications/IntelliJ IDEA.app/Contents/plugins/junit/lib/junit5-rt.jar:/Users/bagjonghun/Desktop/QueryBuilder/target/test-classes:/Users/bagjonghun/Desktop/QueryBuilder/target/classes:/Users/bagjonghun/.m2/repository/junit/junit/4.12/junit-4.12.jar:/Users/bagjonghun/.m2/repository/org/hamcrest/hamcrest-core/1.3/hamcrest-core-1.3.jar:/Users/bagjonghun/.m2/repository/org/projectlombok/lombok/1.18.10/lombok-1.18.10.jar:/Users/bagjonghun/.m2/repository/com/fasterxml/jackson/core/jackson-core/2.10.1/jackson-core-2.10.1.jar:/Users/bagjonghun/.m2/repository/com/fasterxml/jackson/core/jackson-databind/2.9.4/jackson-databind-2.9.4.jar:/Users/bagjonghun/.m2/repository/com/fasterxml/jackson/core/jackson-annotations/2.9.0/jackson-annotations-2.9.0.jar:/Users/bagjonghun/.m2/repository/org/slf4j/slf4j-log4j12/1.5.6/slf4j-log4j12-1.5.6.jar:/Users/bagjonghun/.m2/repository/org/slf4j/slf4j-api/1.5.6/slf4j-api-1.5.6.jar:/Users/bagjonghun/.m2/repository/log4j/log4j/1.2.14/log4j-1.2.14.jar
Launcher Type: SUN_STANDARD

[Global flags]
     intx CICompilerCount                          = 3                                         {product} {ergonomic}
     uint ConcGCThreads                            = 1                                         {product} {ergonomic}
     uint G1ConcRefinementThreads                  = 4                                         {product} {ergonomic}
   size_t G1HeapRegionSize                         = 1048576                                   {product} {ergonomic}
    uintx GCDrainStackTargetSize                   = 64                                        {product} {ergonomic}
   size_t InitialHeapSize                          = 134217728                                 {product} {ergonomic}
   size_t MarkStackSize                            = 4194304                                   {product} {ergonomic}
   size_t MaxHeapSize                              = 2147483648                                {product} {ergonomic}
   size_t MaxNewSize                               = 1287651328                                {product} {ergonomic}
   size_t MinHeapDeltaBytes                        = 1048576                                   {product} {ergonomic}
    uintx NonNMethodCodeHeapSize                   = 5830092                                {pd product} {ergonomic}
    uintx NonProfiledCodeHeapSize                  = 122914074                              {pd product} {ergonomic}
    uintx ProfiledCodeHeapSize                     = 122914074                              {pd product} {ergonomic}
    uintx ReservedCodeCacheSize                    = 251658240                              {pd product} {ergonomic}
     bool SegmentedCodeCache                       = true                                      {product} {ergonomic}
     bool UseCompressedClassPointers               = true                                 {lp64_product} {ergonomic}
     bool UseCompressedOops                        = true                                 {lp64_product} {ergonomic}
     bool UseG1GC                                  = true                                      {product} {ergonomic}

Logging:
Log output configuration:
 #0: stdout all=warning uptime,level,tags
 #1: stderr all=off uptime,level,tags

Environment Variables:
PATH=/usr/local/bin:/usr/bin:/bin:/usr/sbin:/sbin
SHELL=/bin/zsh

Signal Handlers:
SIGSEGV: [libjvm.dylib+0x73f4e4], sa_mask[0]=11111111011111110111111111111111, sa_flags=SA_ONSTACK|SA_RESTART|SA_SIGINFO
SIGBUS: [libjvm.dylib+0x73f4e4], sa_mask[0]=11111111011111110111111111111111, sa_flags=SA_RESTART|SA_SIGINFO
SIGFPE: [libjvm.dylib+0x73f4e4], sa_mask[0]=11111111011111110111111111111111, sa_flags=SA_RESTART|SA_SIGINFO
SIGPIPE: [libjvm.dylib+0x5f2192], sa_mask[0]=11111111011111110111111111111111, sa_flags=SA_RESTART|SA_SIGINFO
SIGXFSZ: [libjvm.dylib+0x5f2192], sa_mask[0]=11111111011111110111111111111111, sa_flags=SA_RESTART|SA_SIGINFO
SIGILL: [libjvm.dylib+0x73f4e4], sa_mask[0]=11111111011111110111111111111111, sa_flags=SA_RESTART|SA_SIGINFO
SIGUSR2: [libjvm.dylib+0x5f2777], sa_mask[0]=00100000000000000000000000000000, sa_flags=SA_RESTART|SA_SIGINFO
SIGHUP: [libjvm.dylib+0x5f11d3], sa_mask[0]=11111111011111110111111111111111, sa_flags=SA_RESTART|SA_SIGINFO
SIGINT: [libjvm.dylib+0x5f11d3], sa_mask[0]=11111111011111110111111111111111, sa_flags=SA_RESTART|SA_SIGINFO
SIGTERM: [libjvm.dylib+0x5f11d3], sa_mask[0]=11111111011111110111111111111111, sa_flags=SA_RESTART|SA_SIGINFO
SIGQUIT: [libjvm.dylib+0x5f11d3], sa_mask[0]=11111111011111110111111111111111, sa_flags=SA_RESTART|SA_SIGINFO


---------------  S Y S T E M  ---------------

OS:uname:Darwin 18.7.0 Darwin Kernel Version 18.7.0: Sun Dec  1 18:59:03 PST 2019; root:xnu-4903.278.19~1/RELEASE_X86_64 x86_64
rlimit: STACK 8192k, CORE 0k, NPROC 709, NOFILE 10240, AS infinity, DATA infinity, FSIZE infinity
load average:4.24 3.28 2.97

CPU:total 4 (initial active 4) (2 cores per cpu, 2 threads per core) family 6 model 142 stepping 9, cmov, cx8, fxsr, mmx, sse, sse2, sse3, ssse3, sse4.1, sse4.2, popcnt, avx, avx2, aes, clmul, erms, rtm, 3dnowpref, lzcnt, ht, tsc, tscinvbit, bmi1, bmi2, adx, fma

Memory: 4k page, physical 8388608k(395392k free)

vm_info: OpenJDK 64-Bit Server VM (11.0.2+9) for bsd-amd64 JRE (11.0.2+9), built on Jan 18 2019 08:16:22 by "mach5one" with gcc 4.2.1 Compatible Apple LLVM 9.1.0 (clang-902.0.39.2)

END.
